Build started 4/11/2015 7:57:11 PM.
     1>Project "C:\Users\Eric\OneDrive\School\2015\Spring\Parallel Processing\GroupProject2\GroupProject2\GroupProject2.vcxproj" on node 2 (Build target(s)).
     1>ClCompile:
         C:\Program Files (x86)\Microsoft Visual Studio 12.0\VC\bin\CL.exe /c /I"C:\Users\Eric\OneDrive\School\2015\Spring\Parallel Processing\GroupProject2\packages\pthreads.2.9.1.4\build\native\../..//build/native/include/" /ZI /nologo /W3 /WX- /Od /Oy- /D HAS_PTHREAD /D WIN32 /D _DEBUG /D _CONSOLE /D _LIB /D _UNICODE /D UNICODE /Gm /EHsc /RTC1 /MDd /GS /fp:precise /Zc:wchar_t /Zc:forScope /Fo"Debug\\" /Fd"Debug\vc120.pdb" /Gd /TP /analyze- /errorReport:prompt Project.cpp
         Project.cpp
     1>c:\users\eric\onedrive\school\2015\spring\parallel processing\groupproject2\groupproject2\lockfreequeue.h(66): warning C4293: '<<' : shift count negative or too big, undefined behavior
     1>c:\users\eric\onedrive\school\2015\spring\parallel processing\groupproject2\groupproject2\lockfreequeue.h(58): warning C4101: 'tmp' : unreferenced local variable
     1>c:\users\eric\onedrive\school\2015\spring\parallel processing\groupproject2\groupproject2\lockfreequeue.h(82): error C2280: 'std::atomic<Node *>::atomic(const std::atomic<Node *> &)' : attempting to reference a deleted function
                 c:\program files (x86)\microsoft visual studio 12.0\vc\include\xxatomic(223) : see declaration of 'std::atomic<Node *>::atomic'
                 This diagnostic occurred in the compiler generated function 'Node::Node(const Node &)'
     1>c:\users\eric\onedrive\school\2015\spring\parallel processing\groupproject2\groupproject2\lockfreequeue.h(89): warning C4244: 'initializing' : conversion from 'unsigned __int64' to 'int', possible loss of data
     1>c:\users\eric\onedrive\school\2015\spring\parallel processing\groupproject2\groupproject2\lockfreequeue.h(93): warning C4244: 'return' : conversion from '__int64' to 'int', possible loss of data
     1>Done Building Project "C:\Users\Eric\OneDrive\School\2015\Spring\Parallel Processing\GroupProject2\GroupProject2\GroupProject2.vcxproj" (Build target(s)) -- FAILED.

Build FAILED.

Time Elapsed 00:00:00.60
